
{"level":"info","message":"Login exitoso","timestamp":"2023-11-26T00:22:45.193Z"}
{"level":"error","message":"Error al abrir el login - Detalle: verLogin1 is not defined","timestamp":"2023-11-26T00:22:45.195Z"}
{"level":"info","message":"Login exitoso","timestamp":"2023-11-26T00:23:29.853Z"}
{"level":"info","message":"Login exitoso","timestamp":"2023-11-26T00:23:50.806Z"}
{"level":"info","message":"Login exitoso","timestamp":"2023-11-26T00:24:00.682Z"}
{"level":"info","message":"Login exitoso","timestamp":"2023-11-26T00:24:30.851Z"}
{"level":"error","message":"Error al abrir el login - Detalle: BLABLABLA is not defined","timestamp":"2023-11-26T00:26:17.611Z"}
{"level":"error","message":"Error al abrir el login - Detalle: BLABLABLA is not defined","timestamp":"2023-11-26T03:18:19.541Z"}
{"level":"info","message":"Login exitoso","timestamp":"2023-11-26T03:19:23.569Z"}
{"level":"info","message":"Acceso a la página de inicio de sesión","timestamp":"2023-11-28T03:12:54.463Z"}
{"level":"info","message":"Inicio de sesión exitoso - Usuario: mauricio@gmail.com","timestamp":"2023-11-28T03:13:07.988Z"}
{"level":"info","message":"Acceso exitoso al perfil - Usuario: mauricio@gmail.com","timestamp":"2023-11-28T03:13:19.767Z"}
{"level":"info","message":"Acceso exitoso al perfil - Usuario: mauricio@gmail.com","timestamp":"2023-11-28T03:13:24.641Z"}
{"level":"info","message":"Logout exitoso - Mail: mauricio@gmail.com ","timestamp":"2023-11-28T03:13:27.874Z"}
{"level":"info","message":"Acceso a la página de inicio de sesión","timestamp":"2023-11-28T03:13:28.093Z"}
{"level":"info","message":"Acceso a la página de inicio de sesión","timestamp":"2023-11-28T03:14:38.692Z"}
{"level":"info","message":"Acceso a la página de inicio de sesión","timestamp":"2023-11-28T03:47:33.073Z"}
{"level":"info","message":"Acceso a la página de inicio de sesión","timestamp":"2023-11-28T23:18:41.052Z"}
{"level":"info","message":"Inicio de sesión exitoso - Usuario: mauricio@gmail.com","timestamp":"2023-11-28T23:18:46.491Z"}
{"level":"info","message":"Acceso exitoso al perfil - Usuario: mauricio@gmail.com","timestamp":"2023-11-28T23:18:49.223Z"}
{"level":"info","message":"Acceso exitoso a productos - Usuario","timestamp":"2023-11-28T23:18:55.393Z"}
{"level":"info","message":"Acceso exitoso a detalle producto Id: 65160d3c2d9e25f3e602ed3e - Nombre: Taladro Atornillador MAX","timestamp":"2023-11-28T23:18:57.669Z"}
{"level":"info","message":"Acceso exitoso a productos - Usuario","timestamp":"2023-11-28T23:19:05.081Z"}
{"level":"info","message":"Acceso exitoso a la ruta de crear carrito","timestamp":"2023-11-28T23:19:10.131Z"}
{"level":"info","message":"Ingreso al chat exitoso - Usuario mauricio@gmail.com","timestamp":"2023-11-28T23:19:18.749Z"}
{"level":"info","message":"Acceso exitoso a la ruta de productos simulados","timestamp":"2023-11-28T23:20:56.097Z"}
{"level":"info","message":"Logout exitoso - Mail: mauricio@gmail.com ","timestamp":"2023-11-28T23:21:41.164Z"}
{"level":"info","message":"Acceso a la página de inicio de sesión","timestamp":"2023-11-28T23:21:41.358Z"}
{"level":"info","message":"Acceso a la página de registro","timestamp":"2023-11-28T23:21:43.390Z"}
{"level":"info","message":"Acceso a la página de inicio de sesión","timestamp":"2023-11-28T23:22:09.807Z"}
{"level":"info","message":"Inicio de sesión exitoso - Usuario: ayuoki@gmail.com","timestamp":"2023-11-28T23:22:16.733Z"}
{"level":"info","message":"Logout exitoso - Mail: ayuoki@gmail.com ","timestamp":"2023-11-28T23:22:19.409Z"}
{"level":"info","message":"Acceso a la página de inicio de sesión","timestamp":"2023-11-28T23:22:19.599Z"}
{"level":"info","message":"Acceso a la página de registro","timestamp":"2023-11-28T23:22:21.370Z"}
{"level":"info","message":"Acceso a la página de inicio de sesión","timestamp":"2023-11-28T23:22:36.485Z"}
{"level":"info","message":"Acceso exitoso a la página de administrador","timestamp":"2023-11-28T23:22:38.301Z"}
{"level":"info","message":"Inicio de sesión exitoso como administrador - Administrador: adminCoder@coder.com","timestamp":"2023-11-28T23:22:47.018Z"}
{"level":"info","message":"Acceso exitoso al perfil - Usuario: adminCoder@coder.com","timestamp":"2023-11-28T23:22:51.183Z"}
{"level":"error","message":"Faltan datos en la solicitud","timestamp":"2023-11-28T23:23:06.758Z"}
{"level":"info","message":"Acceso exitoso a la página de administrador","timestamp":"2023-11-28T23:23:06.961Z"}
{"level":"info","message":"Logout exitoso - Mail: adminCoder@coder.com ","timestamp":"2023-11-28T23:23:13.008Z"}
{"level":"info","message":"Acceso a la página de inicio de sesión","timestamp":"2023-11-28T23:23:13.200Z"}
{"level":"info","message":"Acceso exitoso al perfil - Usuario: nunicho@yahoo.com.ar","timestamp":"2023-11-28T23:23:23.119Z"}
{"level":"info","message":"Logout exitoso - Mail: nunicho@yahoo.com.ar ","timestamp":"2023-11-28T23:23:25.848Z"}
{"level":"info","message":"Acceso a la página de inicio de sesión","timestamp":"2023-11-28T23:23:26.039Z"}
{"level":"info","message":"Acceso a la página de inicio de sesión","timestamp":"2023-11-28T23:26:37.659Z"}
{"level":"info","message":"Inicio de sesión exitoso - Usuario: mauricio@gmail.com","timestamp":"2023-11-28T23:26:47.673Z"}
{"level":"info","message":"Logout exitoso - Mail: mauricio@gmail.com ","timestamp":"2023-11-28T23:26:52.243Z"}
{"level":"info","message":"Acceso a la página de inicio de sesión","timestamp":"2023-11-28T23:26:52.447Z"}
{"level":"info","message":"Acceso exitoso a la página de administrador","timestamp":"2023-11-28T23:26:58.704Z"}
{"level":"info","message":"Inicio de sesión exitoso como administrador - Administrador: adminCoderPrueba@coder.com","timestamp":"2023-11-28T23:27:20.705Z"}
{"level":"info","message":"Acceso exitoso al perfil - Usuario: adminCoderPrueba@coder.com","timestamp":"2023-11-28T23:27:23.948Z"}
{"level":"info","message":"Logout exitoso - Mail: adminCoderPrueba@coder.com ","timestamp":"2023-11-28T23:27:28.328Z"}
{"level":"info","message":"Acceso a la página de inicio de sesión","timestamp":"2023-11-28T23:27:28.538Z"}
{"level":"info","message":"Logout exitoso - Mail: nunicho@yahoo.com.ar ","timestamp":"2023-11-28T23:27:44.733Z"}
{"level":"info","message":"Acceso a la página de inicio de sesión","timestamp":"2023-11-28T23:27:44.939Z"}
{"level":"info","message":"Acceso a la página de inicio de sesión","timestamp":"2023-12-04T01:17:35.510Z"}
{"level":"info","message":"Acceso a la página de inicio de sesión","timestamp":"2023-12-04T01:20:01.665Z"}
{"level":"info","message":"Acceso a la página de inicio de sesión","timestamp":"2023-12-04T01:20:39.486Z"}
{"level":"info","message":"Acceso a la página de inicio de sesión","timestamp":"2023-12-04T01:22:45.651Z"}
{"level":"info","message":"Acceso a la página de inicio de sesión","timestamp":"2023-12-04T01:23:32.397Z"}
{"level":"info","message":"Acceso a la página de inicio de sesión","timestamp":"2023-12-04T01:33:25.275Z"}
{"level":"info","message":"Acceso a la página de inicio de sesión","timestamp":"2023-12-04T01:34:46.931Z"}
{"level":"info","message":"Acceso a la página de inicio de sesión","timestamp":"2023-12-04T01:34:50.974Z"}
{"level":"info","message":"Acceso a la página de inicio de sesión","timestamp":"2023-12-04T04:26:02.555Z"}
{"level":"info","message":"Acceso a la página de registro","timestamp":"2023-12-04T04:35:58.937Z"}
{"level":"info","message":"Acceso a la página de inicio de sesión","timestamp":"2023-12-04T04:36:16.048Z"}
{"level":"info","message":"Acceso a la página de inicio de sesión","timestamp":"2023-12-04T05:19:31.084Z"}
{"level":"info","message":"Acceso a la página de inicio de sesión","timestamp":"2023-12-04T05:31:12.585Z"}
{"level":"info","message":"Acceso a la página de inicio de sesión","timestamp":"2023-12-04T05:36:09.667Z"}
{"level":"info","message":"Acceso a la página de inicio de sesión","timestamp":"2023-12-05T20:40:23.563Z"}
{"level":"info","message":"Acceso a la página de inicio de sesión","timestamp":"2023-12-05T20:48:27.373Z"}
{"level":"info","message":"Acceso a la página de inicio de sesión","timestamp":"2023-12-05T20:50:33.749Z"}
{"level":"info","message":"Acceso a la página de inicio de sesión","timestamp":"2023-12-05T21:16:39.647Z"}
{"level":"info","message":"Acceso a la página de inicio de sesión","timestamp":"2023-12-05T21:26:24.154Z"}
{"level":"info","message":"Acceso a la página de inicio de sesión","timestamp":"2023-12-05T21:29:51.705Z"}
{"level":"info","message":"Acceso a la página de inicio de sesión","timestamp":"2023-12-05T22:28:27.866Z"}
{"level":"info","message":"Acceso a la página de inicio de sesión","timestamp":"2023-12-05T22:30:21.670Z"}
{"level":"info","message":"Acceso a la página de inicio de sesión","timestamp":"2023-12-05T22:31:22.261Z"}
{"level":"info","message":"Acceso a la página de inicio de sesión","timestamp":"2023-12-05T22:39:03.705Z"}
{"level":"info","message":"Acceso a la página de inicio de sesión","timestamp":"2023-12-05T22:46:45.966Z"}
{"level":"info","message":"Acceso a la página de inicio de sesión","timestamp":"2023-12-05T23:00:28.066Z"}
{"level":"info","message":"Acceso a la página de inicio de sesión","timestamp":"2023-12-05T23:03:16.240Z"}
{"level":"info","message":"Acceso a la página de inicio de sesión","timestamp":"2023-12-05T23:05:44.088Z"}
{"level":"info","message":"Acceso a la página de inicio de sesión","timestamp":"2023-12-05T23:08:40.998Z"}
{"level":"info","message":"Acceso a la página de inicio de sesión","timestamp":"2023-12-05T23:12:23.952Z"}
{"level":"info","message":"Acceso a la página de inicio de sesión","timestamp":"2023-12-05T23:14:21.833Z"}
{"level":"info","message":"Acceso a la página de inicio de sesión","timestamp":"2023-12-05T23:16:32.858Z"}
{"level":"info","message":"Acceso a la página de inicio de sesión","timestamp":"2023-12-05T23:28:43.516Z"}
{"level":"info","message":"Acceso a la página de inicio de sesión","timestamp":"2023-12-06T00:47:14.244Z"}
{"level":"info","message":"Acceso a la página de inicio de sesión","timestamp":"2023-12-06T01:26:34.006Z"}
{"level":"info","message":"Acceso a la página de inicio de sesión","timestamp":"2023-12-06T01:44:26.506Z"}
{"level":"info","message":"Acceso a la página de inicio de sesión","timestamp":"2023-12-06T01:46:01.246Z"}
{"level":"info","message":"Acceso a la página de inicio de sesión","timestamp":"2023-12-06T01:52:40.623Z"}
{"level":"info","message":"Acceso a la página de inicio de sesión","timestamp":"2023-12-06T01:58:49.749Z"}
{"level":"info","message":"Acceso a la página de inicio de sesión","timestamp":"2023-12-06T02:52:10.044Z"}
{"level":"info","message":"Acceso a la página de inicio de sesión","timestamp":"2023-12-06T02:54:37.182Z"}
{"level":"info","message":"Acceso a la página de inicio de sesión","timestamp":"2023-12-06T03:04:38.723Z"}
{"level":"info","message":"Acceso a la página de inicio de sesión","timestamp":"2023-12-06T03:05:16.506Z"}
{"level":"info","message":"Inicio de sesión exitoso - Usuario: conta.alonso@gmail.com","timestamp":"2023-12-06T03:05:24.091Z"}
{"level":"info","message":"Logout exitoso - Mail: conta.alonso@gmail.com ","timestamp":"2023-12-06T03:05:56.682Z"}
{"level":"info","message":"Acceso a la página de inicio de sesión","timestamp":"2023-12-06T03:05:56.899Z"}
{"level":"info","message":"Acceso a la página de inicio de sesión","timestamp":"2023-12-06T03:08:26.751Z"}
{"level":"info","message":"Acceso a la página de inicio de sesión","timestamp":"2023-12-06T03:08:56.800Z"}
{"level":"info","message":"Inicio de sesión exitoso - Usuario: conta.alonso@gmail.com","timestamp":"2023-12-06T03:09:04.340Z"}
{"level":"info","message":"Logout exitoso - Mail: conta.alonso@gmail.com ","timestamp":"2023-12-06T03:09:06.827Z"}
{"level":"info","message":"Acceso a la página de inicio de sesión","timestamp":"2023-12-06T03:09:07.023Z"}
{"level":"info","message":"Acceso a la página de inicio de sesión","timestamp":"2023-12-06T03:09:18.880Z"}
{"level":"info","message":"Acceso a la página de inicio de sesión","timestamp":"2023-12-06T03:11:10.208Z"}
{"level":"info","message":"Inicio de sesión exitoso - Usuario: conta.alonso@gmail.com","timestamp":"2023-12-06T03:11:17.112Z"}
{"level":"info","message":"Acceso a la página de inicio de sesión","timestamp":"2023-12-06T03:11:17.495Z"}
{"level":"info","message":"Inicio de sesión exitoso - Usuario: mauricio@gmail.com","timestamp":"2023-12-06T03:11:24.871Z"}
{"level":"info","message":"Logout exitoso - Mail: mauricio@gmail.com ","timestamp":"2023-12-06T03:11:27.317Z"}
{"level":"info","message":"Acceso a la página de inicio de sesión","timestamp":"2023-12-06T03:11:27.511Z"}
{"level":"info","message":"Acceso a la página de inicio de sesión","timestamp":"2023-12-06T03:23:48.963Z"}
{"level":"info","message":"Acceso a la página de inicio de sesión","timestamp":"2023-12-06T03:24:14.379Z"}
{"level":"info","message":"Acceso a la página de inicio de sesión","timestamp":"2023-12-06T03:27:35.453Z"}
{"level":"info","message":"Acceso a la página de inicio de sesión","timestamp":"2023-12-06T03:34:47.074Z"}
{"level":"info","message":"Acceso a la página de inicio de sesión","timestamp":"2023-12-06T03:34:47.674Z"}
{"level":"info","message":"Acceso a la página de inicio de sesión","timestamp":"2023-12-06T03:38:28.670Z"}
